[07-May-2023 14:46:09 Europe/Moscow] PHP Warning:  Undefined variable $dfst in /home/apollon/web/test/index.php on line 12
[07-May-2023 14:49:10 Europe/Moscow] PHP Warning:  Undefined variable $dfst in /home/apollon/web/test/index.php on line 12
[07-May-2023 14:50:21 Europe/Moscow] PHP Warning:  Undefined variable $dfst in /home/apollon/web/test/index.php on line 12
[07-May-2023 14:50:21 Europe/Moscow] BAD
[07-May-2023 14:56:37 Europe/Moscow] PHP Warning:  Undefined variable $dfst in /home/apollon/web/test/index.php on line 17
[07-May-2023 14:56:37 Europe/Moscow] BAD
[07-May-2023 14:56:53 Europe/Moscow] PHP Warning:  Undefined variable $dfst in /home/apollon/web/test/index.php on line 17
[07-May-2023 14:56:53 Europe/Moscow] BAD
[07-May-2023 15:10:12 Europe/Moscow] PHP Warning:  Undefined variable $dfst in /home/apollon/web/test/index.php on line 17
[07-May-2023 15:10:12 Europe/Moscow] BAD
[07-May-2023 15:10:16 Europe/Moscow] PHP Warning:  Undefined variable $dfst in /home/apollon/web/test/index.php on line 17
[07-May-2023 15:10:16 Europe/Moscow] BAD
[07-May-2023 15:10:26 Europe/Moscow] PHP Warning:  Undefined variable $dfst in /home/apollon/web/test/index.php on line 17
[07-May-2023 15:10:26 Europe/Moscow] BAD
[07-May-2023 15:12:34 Europe/Moscow] PHP Warning:  Undefined variable $dfst in /home/apollon/web/test/index.php on line 17
[07-May-2023 15:12:34 Europe/Moscow] BAD
[07-May-2023 15:12:36 Europe/Moscow] PHP Warning:  Undefined variable $dfst in /home/apollon/web/test/index.php on line 17
[07-May-2023 15:12:36 Europe/Moscow] BAD
[07-May-2023 15:12:37 Europe/Moscow] PHP Warning:  Undefined variable $dfst in /home/apollon/web/test/index.php on line 17
[07-May-2023 15:12:37 Europe/Moscow] BAD
[07-May-2023 15:12:39 Europe/Moscow] PHP Warning:  Undefined variable $dfst in /home/apollon/web/test/index.php on line 17
[07-May-2023 15:12:39 Europe/Moscow] BAD
[07-May-2023 15:12:44 Europe/Moscow] PHP Warning:  Undefined variable $dfst in /home/apollon/web/test/index.php on line 17
[07-May-2023 15:12:44 Europe/Moscow] BAD
[07-May-2023 15:12:48 Europe/Moscow] PHP Warning:  Undefined variable $dfst in /home/apollon/web/test/index.php on line 17
[07-May-2023 15:12:48 Europe/Moscow] BAD
[07-May-2023 15:12:51 Europe/Moscow] PHP Warning:  Undefined variable $dfst in /home/apollon/web/test/index.php on line 17
[07-May-2023 15:12:51 Europe/Moscow] BAD
[07-May-2023 15:12:54 Europe/Moscow] PHP Warning:  Undefined variable $dfst in /home/apollon/web/test/index.php on line 17
[07-May-2023 15:12:54 Europe/Moscow] BAD
[07-May-2023 15:13:31 Europe/Moscow] PHP Warning:  Undefined variable $dfst in /home/apollon/web/test/index.php on line 17
[07-May-2023 15:13:31 Europe/Moscow] BAD
[07-May-2023 15:13:33 Europe/Moscow] PHP Warning:  Undefined variable $dfst in /home/apollon/web/test/index.php on line 17
[07-May-2023 15:13:33 Europe/Moscow] BAD
[07-May-2023 15:13:38 Europe/Moscow] PHP Warning:  Undefined variable $dfst in /home/apollon/web/test/index.php on line 17
[07-May-2023 15:13:38 Europe/Moscow] BAD
[07-May-2023 15:13:53 Europe/Moscow] PHP Warning:  Undefined variable $dfst in /home/apollon/web/test/index.php on line 17
[07-May-2023 15:13:53 Europe/Moscow] BAD
[07-May-2023 15:14:01 Europe/Moscow] PHP Warning:  Undefined variable $dfst in /home/apollon/web/test/index.php on line 17
[07-May-2023 15:14:01 Europe/Moscow] BAD
[07-May-2023 15:14:11 Europe/Moscow] PHP Warning:  Undefined variable $dfst in /home/apollon/web/test/index.php on line 17
[07-May-2023 15:14:11 Europe/Moscow] BAD
[07-May-2023 15:16:08 Europe/Moscow] PHP Warning:  Undefined variable $dfst in /home/apollon/web/test/index.php on line 17
[07-May-2023 15:16:08 Europe/Moscow] BAD
[07-May-2023 15:17:35 Europe/Moscow] PHP Warning:  Undefined variable $dfst in /home/apollon/web/test/index.php on line 17
[07-May-2023 15:17:40 Europe/Moscow] PHP Warning:  Undefined variable $dfst in /home/apollon/web/test/index.php on line 17
[07-May-2023 15:17:40 Europe/Moscow] BAD
[07-May-2023 15:17:59 Europe/Moscow] PHP Warning:  Undefined variable $dfst in /home/apollon/web/test/index.php on line 17
[07-May-2023 15:17:59 Europe/Moscow] BAD
[07-May-2023 15:19:26 Europe/Moscow] PHP Warning:  Undefined variable $dfst in /home/apollon/web/test/index.php on line 17
[07-May-2023 15:19:26 Europe/Moscow] BAD
[07-May-2023 15:19:45 Europe/Moscow] PHP Warning:  Undefined variable $dfst in /home/apollon/web/test/index.php on line 18
[07-May-2023 15:19:45 Europe/Moscow] BAD
[07-May-2023 16:04:13 Europe/Moscow] PHP Warning:  Undefined variable $dfst in /home/apollon/web/test/index.php on line 18
[07-May-2023 16:04:13 Europe/Moscow] BAD
[07-May-2023 16:04:29 Europe/Moscow] PHP Warning:  Undefined variable $dfst in /home/apollon/web/test/index.php on line 18
[07-May-2023 16:04:29 Europe/Moscow] BAD
[07-May-2023 16:04:37 Europe/Moscow] PHP Warning:  Undefined variable $dfst in /home/apollon/web/test/index.php on line 18
[07-May-2023 16:04:37 Europe/Moscow] BAD
[07-May-2023 16:04:43 Europe/Moscow] PHP Warning:  Undefined variable $dfst in /home/apollon/web/test/index.php on line 18
[07-May-2023 16:04:43 Europe/Moscow] PHP Fatal error:  Uncaught Error: Undefined constant "NAME" in /home/apollon/web/test/index.php:25
Stack trace:
#0 {main}
  thrown in /home/apollon/web/test/index.php on line 25
[07-May-2023 16:04:50 Europe/Moscow] PHP Warning:  Undefined variable $dfst in /home/apollon/web/test/index.php on line 18
[07-May-2023 16:04:50 Europe/Moscow] BAD
[07-May-2023 16:06:43 Europe/Moscow] PHP Warning:  Undefined variable $dfst in /home/apollon/web/test/index.php on line 26
[07-May-2023 16:06:43 Europe/Moscow] BAD
[07-May-2023 16:06:57 Europe/Moscow] PHP Warning:  Undefined variable $dfst in /home/apollon/web/test/index.php on line 23
[07-May-2023 16:06:57 Europe/Moscow] BAD
[07-May-2023 16:14:57 Europe/Moscow] PHP Warning:  Undefined variable $dfst in /home/apollon/web/test/index.php on line 31
[07-May-2023 16:14:57 Europe/Moscow] BAD
[07-May-2023 16:15:17 Europe/Moscow] PHP Warning:  Undefined variable $dfst in /home/apollon/web/test/index.php on line 31
[07-May-2023 16:15:17 Europe/Moscow] BAD
[07-May-2023 16:39:17 Europe/Moscow] PHP Fatal error:  Uncaught Error: Class "Dotenv\Dotenv" not found in /home/apollon/web/test/index.php:19
Stack trace:
#0 {main}
  thrown in /home/apollon/web/test/index.php on line 19
[07-May-2023 16:39:59 Europe/Moscow] PHP Fatal error:  Uncaught Error: Class "Dotenv\Dotenv" not found in /home/apollon/web/test/index.php:19
Stack trace:
#0 {main}
  thrown in /home/apollon/web/test/index.php on line 19
[07-May-2023 16:40:01 Europe/Moscow] PHP Fatal error:  Uncaught Error: Class "Dotenv\Dotenv" not found in /home/apollon/web/test/index.php:19
Stack trace:
#0 {main}
  thrown in /home/apollon/web/test/index.php on line 19
[07-May-2023 16:40:25 Europe/Moscow] PHP Fatal error:  Uncaught Error: Class "Dotenv\Dotenv" not found in /home/apollon/web/test/index.php:19
Stack trace:
#0 {main}
  thrown in /home/apollon/web/test/index.php on line 19
[07-May-2023 16:44:01 Europe/Moscow] PHP Warning:  Undefined variable $dfst in /home/apollon/web/test/index.php on line 30
[07-May-2023 16:44:01 Europe/Moscow] BAD
[07-May-2023 16:45:00 Europe/Moscow] BAD
[07-May-2023 16:46:24 Europe/Moscow] BAD
[07-May-2023 16:51:04 Europe/Moscow] BAD
[07-May-2023 16:51:08 Europe/Moscow] BAD
[07-May-2023 17:41:58 Europe/Moscow] BAD
[07-May-2023 17:42:09 Europe/Moscow] BAD
[07-May-2023 17:44:19 Europe/Moscow] BAD
