<h1 style="background: #28A745;color: #ffffff;padding: 5px;" class="monolog-output">INFO</h1><table cellspacing="1" width="100%" class="monolog-output"><tr style="padding: 4px;text-align: left;">
<th style="vertical-align: top;background: #ccc;color: #000" width="100">Message:</th>
<td style="padding: 4px;text-align: left;vertical-align: top;background: #eee;color: #000"><pre>START MEssage</pre></td>
</tr><tr style="padding: 4px;text-align: left;">
<th style="vertical-align: top;background: #ccc;color: #000" width="100">Time:</th>
<td style="padding: 4px;text-align: left;vertical-align: top;background: #eee;color: #000"><pre>2023-05-10T22:58:48.479018+00:00</pre></td>
</tr><tr style="padding: 4px;text-align: left;">
<th style="vertical-align: top;background: #ccc;color: #000" width="100">Channel:</th>
<td style="padding: 4px;text-align: left;vertical-align: top;background: #eee;color: #000"><pre>main-logger</pre></td>
</tr><tr style="padding: 4px;text-align: left;">
<th style="vertical-align: top;background: #ccc;color: #000" width="100">Context:</th>
<td style="padding: 4px;text-align: left;vertical-align: top;background: #eee;color: #000"><table cellspacing="1" width="100%"><tr style="padding: 4px;text-align: left;">
<th style="vertical-align: top;background: #ccc;color: #000" width="100">name:</th>
<td style="padding: 4px;text-align: left;vertical-align: top;background: #eee;color: #000"><pre>atlas</pre></td>
</tr></table></td>
</tr><tr style="padding: 4px;text-align: left;">
<th style="vertical-align: top;background: #ccc;color: #000" width="100">Extra:</th>
<td style="padding: 4px;text-align: left;vertical-align: top;background: #eee;color: #000"><table cellspacing="1" width="100%"><tr style="padding: 4px;text-align: left;">
<th style="vertical-align: top;background: #ccc;color: #000" width="100">dummy:</th>
<td style="padding: 4px;text-align: left;vertical-align: top;background: #eee;color: #000"><pre>Hello world!</pre></td>
</tr></table></td>
</tr></table><h1 style="background: #FD7E14;color: #ffffff;padding: 5px;" class="monolog-output">ERROR</h1><table cellspacing="1" width="100%" class="monolog-output"><tr style="padding: 4px;text-align: left;">
<th style="vertical-align: top;background: #ccc;color: #000" width="100">Message:</th>
<td style="padding: 4px;text-align: left;vertical-align: top;background: #eee;color: #000"><pre>Error Message</pre></td>
</tr><tr style="padding: 4px;text-align: left;">
<th style="vertical-align: top;background: #ccc;color: #000" width="100">Time:</th>
<td style="padding: 4px;text-align: left;vertical-align: top;background: #eee;color: #000"><pre>2023-05-10T22:58:48.480193+00:00</pre></td>
</tr><tr style="padding: 4px;text-align: left;">
<th style="vertical-align: top;background: #ccc;color: #000" width="100">Channel:</th>
<td style="padding: 4px;text-align: left;vertical-align: top;background: #eee;color: #000"><pre>main-logger</pre></td>
</tr><tr style="padding: 4px;text-align: left;">
<th style="vertical-align: top;background: #ccc;color: #000" width="100">Context:</th>
<td style="padding: 4px;text-align: left;vertical-align: top;background: #eee;color: #000"><table cellspacing="1" width="100%"><tr style="padding: 4px;text-align: left;">
<th style="vertical-align: top;background: #ccc;color: #000" width="100">name:</th>
<td style="padding: 4px;text-align: left;vertical-align: top;background: #eee;color: #000"><pre>atlas</pre></td>
</tr></table></td>
</tr><tr style="padding: 4px;text-align: left;">
<th style="vertical-align: top;background: #ccc;color: #000" width="100">Extra:</th>
<td style="padding: 4px;text-align: left;vertical-align: top;background: #eee;color: #000"><table cellspacing="1" width="100%"><tr style="padding: 4px;text-align: left;">
<th style="vertical-align: top;background: #ccc;color: #000" width="100">dummy:</th>
<td style="padding: 4px;text-align: left;vertical-align: top;background: #eee;color: #000"><pre>Hello world!</pre></td>
</tr></table></td>
</tr></table>